[31merror[39m: [31m[ERROR] - 500 - Msg: Cannot convert undefined or null to object[39m
[31merror[39m: [31m[ERROR] - 500 - Msg: Cannot convert undefined or null to object[39m
[31merror[39m: [31m[ERROR] - 400 - Msg: An instance of RegisterDto has failed the validation:[39m
[31m - property first_name has failed the following constraints: isEmpty [39m
[31m,An instance of RegisterDto has failed the validation:[39m
[31m - property last_name has failed the following constraints: isEmpty [39m
[31m,An instance of RegisterDto has failed the validation:[39m
[31m - property email has failed the following constraints: isEmpty [39m
[31m,An instance of RegisterDto has failed the validation:[39m
[31m - property password has failed the following constraints: isEmpty [39m
[31m[39m
[31merror[39m: [31m[ERROR] - 400 - Msg: An instance of RegisterDto has failed the validation:[39m
[31m - property first_name has failed the following constraints: isEmpty [39m
[31m,An instance of RegisterDto has failed the validation:[39m
[31m - property last_name has failed the following constraints: isEmpty [39m
[31m,An instance of RegisterDto has failed the validation:[39m
[31m - property email has failed the following constraints: isEmpty [39m
[31m,An instance of RegisterDto has failed the validation:[39m
[31m - property password has failed the following constraints: isEmpty [39m
[31m[39m
[31merror[39m: [31m[ERROR] - 400 - Msg: An instance of RegisterDto has failed the validation:[39m
[31m - property first_name has failed the following constraints: isEmpty [39m
[31m,An instance of RegisterDto has failed the validation:[39m
[31m - property last_name has failed the following constraints: isEmpty [39m
[31m,An instance of RegisterDto has failed the validation:[39m
[31m - property email has failed the following constraints: isEmpty [39m
[31m,An instance of RegisterDto has failed the validation:[39m
[31m - property password has failed the following constraints: isEmpty [39m
[31m[39m
[31merror[39m: [31m[ERROR] - 400 - Msg: Some thing when wrong[39m
[31merror[39m: [31m[ERROR] - 400 - Msg: Some thing when wrong[39m
[31merror[39m: [31m[ERROR] - 400 - Msg: Some thing when wrong[39m
[31merror[39m: [31m[ERROR] - 400 - Msg: An instance of RegisterDto has failed the validation:[39m
[31m - property first_name has failed the following constraints: isNotEmpty [39m
[31m[39m
[31merror[39m: [31m[ERROR] - 400 - Msg: Some thing when wrong[39m
[31merror[39m: [31m[ERROR] - 400 - Msg: Some thing when wrong[39m
[31merror[39m: [31m[ERROR] - 400 - Msg: Some thing when wrong[39m
[31merror[39m: [31m[ERROR] - 400 - Msg: Some thing when wrong[39m
[31merror[39m: [31m[ERROR] - 400 - Msg: Some thing when wrong[39m
[31merror[39m: [31m[ERROR] - 409 - Msg: Your email letye292s222211@gamil.com already exist[39m
[31merror[39m: [31m[ERROR] - 400 - Msg: Some thing when wrong[39m
[31merror[39m: [31m[ERROR] - 400 - Msg: Some thing when wrong[39m
[31merror[39m: [31m[ERROR] - 400 - Msg: An instance of RegisterDto has failed the validation:[39m
[31m - property first_name has failed the following constraints: isNotEmpty [39m
[31m[39m
[31merror[39m: [31m[ERROR] - 400 - Msg: Some thing when wrong[39m
[31merror[39m: [31m[ERROR] - 400 - Msg: Some thing when wrong[39m
[31merror[39m: [31m[ERROR] - 400 - Msg: Some thing when wrong[39m
[31merror[39m: [31m[ERROR] - 400 - Msg: An instance of RegisterDto has failed the validation:[39m
[31m - property first_name has failed the following constraints: isNotEmpty [39m
[31m[39m
[31merror[39m: [31m[ERROR] - 400 - Msg: An instance of RegisterDto has failed the validation:[39m
[31m - property first_name has failed the following constraints: isNotEmpty [39m
[31m,An instance of RegisterDto has failed the validation:[39m
[31m - property last_name has failed the following constraints: isNotEmpty [39m
[31m[39m
[31merror[39m: [31m[ERROR] - 409 - Msg: Your email letye292s222211@gamil.com already exist[39m
[31merror[39m: [31m[ERROR] - 409 - Msg: Your account_name undefined already exist[39m
[31merror[39m: [31m[ERROR] - 400 - Msg: Unexpected string in JSON at position 38[39m
[31merror[39m: [31m[ERROR] - 400 - Msg: Unexpected string in JSON at position 38[39m
[31merror[39m: [31m[ERROR] - 500 - Msg: E11000 duplicate key error collection: myFirstDatabase.users index: email_1 dup key: { email: "letye292s2222211@gamil.com" }[39m
[31merror[39m: [31m[ERROR] - 500 - Msg: E11000 duplicate key error collection: myFirstDatabase.users index: email_1 dup key: { email: "letye292s22222121@gamil.com" }[39m
[31merror[39m: [31m[ERROR] - 500 - Msg: E11000 duplicate key error collection: myFirstDatabase.users index: email_1 dup key: { email: "letye292s22222121@gamil.com" }[39m
[31merror[39m: [31m[ERROR] - 500 - Msg: E11000 duplicate key error collection: myFirstDatabase.users index: email_1 dup key: { email: "letye292s22222121@gamil.com" }[39m
[31merror[39m: [31m[ERROR] - 500 - Msg: E11000 duplicate key error collection: myFirstDatabase.users index: email_1 dup key: { email: "letye292s22222121@gamil.com" }[39m
[31merror[39m: [31m[ERROR] - 409 - Msg: Your account_name letie1ndat already exist[39m
[31merror[39m: [31m[ERROR] - 500 - Msg: E11000 duplicate key error collection: myFirstDatabase.users index: email_1 dup key: { email: "letye292s222222121@gamil.com" }[39m
[31merror[39m: [31m[ERROR] - 409 - Msg: Your account_name letie12ndat already exist[39m
[31merror[39m: [31m[ERROR] - 409 - Msg: Your account_name letie12ndat already exist[39m
[31merror[39m: [31m[ERROR] - 409 - Msg: Your account_name leti2e12ndat already exist[39m
[31merror[39m: [31m[ERROR] - 500 - Msg: E11000 duplicate key error collection: myFirstDatabase.users index: email_1 dup key: { email: "let1ye2922s222222121@gamil.com" }[39m
[31merror[39m: [31m[ERROR] - 409 - Msg: Your account_name let1i2e12ndat already exist[39m
[31merror[39m: [31m[ERROR] - 400 - Msg: An instance of RegisterDto has failed the validation:[39m
[31m - property type has failed the following constraints: isNotEmpty [39m
[31m[39m
[31merror[39m: [31m[ERROR] - 409 - Msg: Your account_name let1i2e112ndat already exist[39m
[31merror[39m: [31m[ERROR] - 400 - Msg: Invalid password[39m
[31merror[39m: [31m[ERROR] - 500 - Msg: Cannot read properties of undefined (reading 'id')[39m
[31merror[39m: [31m[ERROR] - 500 - Msg: Cannot read properties of undefined (reading 'id')[39m
[31merror[39m: [31m[ERROR] - 500 - Msg: Cannot read properties of undefined (reading 'id')[39m
[31merror[39m: [31m[ERROR] - 400 - Msg: Invalid password[39m
[31merror[39m: [31m[ERROR] - 400 - Msg: Invalid password[39m
[31merror[39m: [31m[ERROR] - 400 - Msg: Invalid password[39m
[31merror[39m: [31m[ERROR] - 409 - Msg: Classroom name Lop thay ba already exist[39m
[31merror[39m: [31m[ERROR] - 409 - Msg: Classroom name Lop thasy ba already exist[39m
[31merror[39m: [31m[ERROR] - 400 - Msg: An instance of CreateDto has failed the validation:[39m
[31m - property name has failed the following constraints: isNotEmpty [39m
[31m[39m
[31merror[39m: [31m[ERROR] - 409 - Msg: Classroom name Lop thay ba already exist[39m
[31merror[39m: [31m[ERROR] - 409 - Msg: Classroom name Lop thay ba already exist[39m
[31merror[39m: [31m[ERROR] - 409 - Msg: Your account_name let1i2e1112ndat already exist[39m
[31merror[39m: [31m[ERROR] - 409 - Msg: Your account_name let1i2e21112ndat already exist[39m
[31merror[39m: [31m[ERROR] - 400 - Msg: User is student[39m
[31merror[39m: [31m[ERROR] - 409 - Msg: Classroom name Lop thay bas2sss already exist[39m
[31merror[39m: [31m[ERROR] - 409 - Msg: Classroom is not exist[39m
[31merror[39m: [31m[ERROR] - 409 - Msg: Classroom is not exist[39m
[31merror[39m: [31m[ERROR] - 409 - Msg: Classroom is not exist[39m
[31merror[39m: [31m[ERROR] - 409 - Msg: Classroom is not exist[39m
[31merror[39m: [31m[ERROR] - 409 - Msg: Classroom is not exist[39m
[31merror[39m: [31m[ERROR] - 409 - Msg: Classroom is not exist[39m
[31merror[39m: [31m[ERROR] - 500 - Msg: Cast to ObjectId failed for value "" (type string) at path "_id" for model "classroom"[39m
[31merror[39m: [31m[ERROR] - 500 - Msg: Cast to ObjectId failed for value "" (type string) at path "_id" for model "classroom"[39m
[31merror[39m: [31m[ERROR] - 409 - Msg: Classroom is not exist[39m
[31merror[39m: [31m[ERROR] - 500 - Msg: Cannot populate path `user` because it is not in your schema. Set the `strictPopulate` option to false to override.[39m
[31merror[39m: [31m[ERROR] - 500 - Msg: Cannot populate path `user` because it is not in your schema. Set the `strictPopulate` option to false to override.[39m
[31merror[39m: [31m[ERROR] - 500 - Msg: Cannot populate path `user` because it is not in your schema. Set the `strictPopulate` option to false to override.[39m
[31merror[39m: [31m[ERROR] - 500 - Msg: Cannot populate path `user` because it is not in your schema. Set the `strictPopulate` option to false to override.[39m
[31merror[39m: [31m[ERROR] - 500 - Msg: Cannot populate path `user` because it is not in your schema. Set the `strictPopulate` option to false to override.[39m
[31merror[39m: [31m[ERROR] - 500 - Msg: Cannot populate path `user` because it is not in your schema. Set the `strictPopulate` option to false to override.[39m
[31merror[39m: [31m[ERROR] - 500 - Msg: Cannot populate path `user` because it is not in your schema. Set the `strictPopulate` option to false to override.[39m
[31merror[39m: [31m[ERROR] - 500 - Msg: Cannot do exclusion on field strictPopulate in inclusion projection[39m
[31merror[39m: [31m[ERROR] - 500 - Msg: Cannot populate path `user` because it is not in your schema. Set the `strictPopulate` option to false to override.[39m
[31merror[39m: [31m[ERROR] - 500 - Msg: Cannot populate path `user` because it is not in your schema. Set the `strictPopulate` option to false to override.[39m
[31merror[39m: [31m[ERROR] - 500 - Msg: Cannot populate path `user` because it is not in your schema. Set the `strictPopulate` option to false to override.[39m
[31merror[39m: [31m[ERROR] - 500 - Msg: Cast to ObjectId failed for value "618fef9970fb549ec6539d9bs" (type string) at path "_id" for model "classroom"[39m
[31merror[39m: [31m[ERROR] - 409 - Msg: Classroom is not exist[39m
[31merror[39m: [31m[ERROR] - 409 - Msg: User already exist in classroom[39m
[31merror[39m: [31m[ERROR] - 409 - Msg: User already exist in classroom[39m
[31merror[39m: [31m[ERROR] - 409 - Msg: User already exist in classroom[39m
[31merror[39m: [31m[ERROR] - 409 - Msg: User already exist in classroom[39m
[31merror[39m: [31m[ERROR] - 409 - Msg: User already exist in classroom[39m
[31merror[39m: [31m[ERROR] - 409 - Msg: Your account_name let12i2e21112ndat already exist[39m
[31merror[39m: [31m[ERROR] - 409 - Msg: Your account_name let12i2ea211112ndat already exist[39m
[31merror[39m: [31m[ERROR] - 400 - Msg: User is teacher[39m
[31merror[39m: [31m[ERROR] - 400 - Msg: Invalid refresh token[39m
[31merror[39m: [31m[ERROR] - 409 - Msg: Your account_name let1i2e1112ndat is not exist[39m
[31merror[39m: [31m[ERROR] - 409 - Msg: Your account_name let12i22ea211112ndat already exist[39m
[31merror[39m: [31m[ERROR] - 400 - Msg: Invalid refresh token[39m
[31merror[39m: [31m[ERROR] Msg: eyJhbGciOiJIUzI1NiIsInR5cCI6IkpXVCJ9.eyJpZCI6IjYxOGY4YjkzNjEzYzNiZDdhYjc3YWJmYiIsImlhdCI6MTYzNjc5NzMzMSwiZXhwIjoxNjM2ODAwOTMxfQ.t0H8mF-51Z9PpusiPMNvpPKIAZU4cPA72C0gf2s1Tt0[39m
[31merror[39m: [31m[ERROR] - 400 - Msg: Invalid refresh token[39m
[31merror[39m: [31m[ERROR] - 400 - Msg: Invalid refresh token[39m
[31merror[39m: [31m[ERROR] - 400 - Msg: Invalid refresh token[39m
[31merror[39m: [31m[ERROR] - 409 - Msg: Your account_name let12i22e1a211112ndat already exist[39m
[31merror[39m: [31m[ERROR] - 400 - Msg: Invalid refresh token[39m
[31merror[39m: [31m[ERROR] - 400 - Msg: Invalid refresh token[39m
[31merror[39m: [31m[ERROR] - 400 - Msg: Invalid refresh token[39m
[31merror[39m: [31m[ERROR] - 400 - Msg: Invalid refresh token[39m
[31merror[39m: [31m[ERROR] - 400 - Msg: Invalid refresh token[39m
[31merror[39m: [31m[ERROR] - 400 - Msg: Invalid refresh token[39m
[31merror[39m: [31m[ERROR] - 400 - Msg: Invalid refresh token[39m
[31merror[39m: [31m[ERROR] - 400 - Msg: Invalid refresh token[39m
[31merror[39m: [31m[ERROR] - 400 - Msg: Invalid refresh token[39m
[31merror[39m: [31m[ERROR] - 400 - Msg: Invalid refresh token[39m
[31merror[39m: [31m[ERROR] - 400 - Msg: user_type Empty[39m
[31merror[39m: [31m[ERROR] - 400 - Msg: user_type Empty[39m
[31merror[39m: [31m[ERROR] - 500 - Msg: user validation failed: account_name: Path `account_name` is required.[39m
[31merror[39m: [31m[ERROR] - 409 - Msg: Classroom is not exist[39m
[31merror[39m: [31m[ERROR] - 409 - Msg: User already exist in classroom[39m
[31merror[39m: [31m[ERROR] - 500 - Msg: Cast to ObjectId failed for value "" (type string) at path "participants_id"[39m
[31merror[39m: [31m[ERROR] - 500 - Msg: Cast to ObjectId failed for value "" (type string) at path "_id" for model "classroom"[39m
[31merror[39m: [31m[ERROR] - 500 - Msg: Malformed UTF-8 data[39m
[31merror[39m: [31m[ERROR] - 500 - Msg: Cast to ObjectId failed for value "" (type string) at path "_id" for model "classroom"[39m
[31merror[39m: [31m[ERROR] - 500 - Msg: Malformed UTF-8 data[39m
[31merror[39m: [31m[ERROR] - 500 - Msg: Cast to ObjectId failed for value "" (type string) at path "_id" for model "classroom"[39m
[31merror[39m: [31m[ERROR] - 500 - Msg: Malformed UTF-8 data[39m
[31merror[39m: [31m[ERROR] - 409 - Msg: User already exist in classroom[39m
[31merror[39m: [31m[ERROR] - 409 - Msg: Your account_name let12i22e1a2111s12ndat already exist[39m
[31merror[39m: [31m[ERROR] - 500 - Msg: Cast to ObjectId failed for value "" (type string) at path "_id" for model "classroom"[39m
[31merror[39m: [31m[ERROR] - 500 - Msg: Cast to ObjectId failed for value "" (type string) at path "_id" for model "classroom"[39m
[31merror[39m: [31m[ERROR] - 500 - Msg: Cast to ObjectId failed for value "" (type string) at path "participants_id"[39m
[31merror[39m: [31m[ERROR] - 500 - Msg: Malformed UTF-8 data[39m
[31merror[39m: [31m[ERROR] - 500 - Msg: Malformed UTF-8 data[39m
[31merror[39m: [31m[ERROR] - 500 - Msg: Cast to ObjectId failed for value "" (type string) at path "_id" for model "classroom"[39m
[31merror[39m: [31m[ERROR] - 409 - Msg: User already exist in classroom[39m
[31merror[39m: [31m[ERROR] - 409 - Msg: Your account_name let12i212e11a2111s12ndat already exist[39m
[31merror[39m: [31m[ERROR] - 400 - Msg: Invalid refresh token[39m
[31merror[39m: [31m[ERROR] - 500 - Msg: Cannot read properties of undefined (reading 'push')[39m
[31merror[39m: [31m[ERROR] - 409 - Msg: User already exist in classroom[39m
[31merror[39m: [31m[ERROR] Msg: eyJhbGciOiJIUzI1NiIsInR5cCI6IkpXVCJ9.eyJpZCI6IjYxOTFhODVmZjQ2NGRjNmQ0YmEwZmI3OCIsImlhdCI6MTYzNjk4MTUyNCwiZXhwIjoxNjM2OTg1MTI0fQ.i_cqWmEvYElmBTrRcW4c-Jlsv8Kjyn1otTCVDhsRcOc[39m
[31merror[39m: [31m[ERROR] - 409 - Msg: Your account_name let12i212e11a21111s12nd1at already exist[39m
[31merror[39m: [31m[ERROR] - 409 - Msg: Classroom name Lop tha2y baas2ss2s already exist[39m
[31merror[39m: [31m[ERROR] - 500 - Msg: Cannot read properties of undefined (reading 'push')[39m
[31merror[39m: [31m[ERROR] - 409 - Msg: User already exist in classroom[39m
[31merror[39m: [31m[ERROR] - 409 - Msg: Your account_name let12i222e11a21111s12nd1at already exist[39m
[31merror[39m: [31m[ERROR] - 500 - Msg: Cannot read properties of undefined (reading 'push')[39m
[31merror[39m: [31m[ERROR] - 409 - Msg: User already exist in classroom[39m
[31merror[39m: [31m[ERROR] - 500 - Msg: Cannot read properties of undefined (reading 'push')[39m
[31merror[39m: [31m[ERROR] - 409 - Msg: Classroom name Lop tha2y b2aas2ss2s already exist[39m
[31merror[39m: [31m[ERROR] - 409 - Msg: User already exist in classroom[39m
[31merror[39m: [31m[ERROR] Msg: eyJhbGciOiJIUzI1NiIsInR5cCI6IkpXVCJ9.eyJpZCI6IjYxOGY1ZjBiZDcyYjYyMTc0MzNhOGVjMyIsImlhdCI6MTYzNjgyMjgxNSwiZXhwIjoxNjM2ODI2NDE1fQ.hdQ2JbEKn_luoqBJvS09ZtPC-0KNcxEamQe1jSTf-dw[39m
[31merror[39m: [31m[ERROR] - 409 - Msg: Classroom or User is not exist[39m
[31merror[39m: [31m[ERROR] Msg: eyJhbGciOiJIUzI1NiIsInR5cCI6IkpXVCJ9.eyJpZCI6IjYxOGY1ZjBiZDcyYjYyMTc0MzNhOGVjMyIsImlhdCI6MTYzNjgyMjgxNSwiZXhwIjoxNjM2ODI2NDE1fQ.hdQ2JbEKn_luoqBJvS09ZtPC-0KNcxEamQe1jSTf-dw[39m
[31merror[39m: [31m[ERROR] - 409 - Msg: Classroom is not exist[39m
[31merror[39m: [31m[ERROR] - 409 - Msg: Classroom name Lop tha2y b2aas2s2s2ss1 already exist[39m
[31merror[39m: [31m[ERROR] - 409 - Msg: Your account_name let12i222e211a221111s1s2snd1at already exist[39m
[31merror[39m: [31m[ERROR] - 400 - Msg: Email already exist[39m
[31merror[39m: [31m[ERROR] - 500 - Msg: users_1.UserService is not a constructor[39m
[31merror[39m: [31m[ERROR] - 500 - Msg: users_1.UserService is not a constructor[39m
[31merror[39m: [31m[ERROR] - 500 - Msg: users_1.UserService is not a constructor[39m
[31merror[39m: [31m[ERROR] - 500 - Msg: users_1.UserService is not a constructor[39m
[31merror[39m: [31m[ERROR] - 500 - Msg: users_1.UserService is not a constructor[39m
[31merror[39m: [31m[ERROR] - 500 - Msg: users_1.UserService is not a constructor[39m
[31merror[39m: [31m[ERROR] - 500 - Msg: users_1.UserService is not a constructor[39m
[31merror[39m: [31m[ERROR] - 500 - Msg: users_1.UserService is not a constructor[39m
[31merror[39m: [31m[ERROR] - 500 - Msg: users_1.UserService is not a constructor[39m
[31merror[39m: [31m[ERROR] - 500 - Msg: users_1.UserService is not a constructor[39m
[31merror[39m: [31m[ERROR] - 500 - Msg: users_1.UserService is not a constructor[39m
[31merror[39m: [31m[ERROR] - 500 - Msg: users_1.UserService is not a constructor[39m
[31merror[39m: [31m[ERROR] - 500 - Msg: users_1.UserService is not a constructor[39m
[31merror[39m: [31m[ERROR] - 500 - Msg: users_1.UserService is not a constructor[39m
[31merror[39m: [31m[ERROR] - 500 - Msg: users_1.UserService is not a constructor[39m
[31merror[39m: [31m[ERROR] - 500 - Msg: users_1.UserService is not a constructor[39m
[31merror[39m: [31m[ERROR] - 500 - Msg: users_1.UserService is not a constructor[39m
[31merror[39m: [31m[ERROR] Msg: eyJhbGciOiJIUzI1NiIsInR5cCI6IkpXVCJ9.eyJpZCI6IjYxOTNmNDJlOWI1NzA1YjBmNGIxMDg3OSIsImlhdCI6MTYzNzA4NjI1NSwiZXhwIjoxNjM3MDg5ODU1fQ.CZlmURIlhp-wr2qT1iKSRCPWV5A-qThNs7UubvAb1H0[39m
[31merror[39m: [31m[ERROR] - 500 - Msg: users_1.UserService is not a constructor[39m
[31merror[39m: [31m[ERROR] - 500 - Msg: users_1.UserService is not a constructor[39m
[31merror[39m: [31m[ERROR] - 500 - Msg: users_1.UserService is not a constructor[39m
[31merror[39m: [31m[ERROR] - 500 - Msg: users_1.UserService is not a constructor[39m
[31merror[39m: [31m[ERROR] - 500 - Msg: users_1.UserService is not a constructor[39m
[31merror[39m: [31m[ERROR] - 500 - Msg: users_1.UserService is not a constructor[39m
[31merror[39m: [31m[ERROR] Msg: eyJhbGciOiJIUzI1NiIsInR5cCI6IkpXVCJ9.eyJpZCI6IjYxOTBjYTJjNGNkYjk2MWE1ZDA1NGQxNiIsImlhdCI6MTYzNjg3ODg5MiwiZXhwIjoxNjM2ODgyNDkyfQ.qTZND5B4t6gEO9IkQUGkgyHoFigjVYxEjEPsUX8evUU[39m
[31merror[39m: [31m[ERROR] - 500 - Msg: Cast to ObjectId failed for value "" (type string) at path "_id" for model "classroom"[39m
[31merror[39m: [31m[ERROR] - 500 - Msg: users_1.UserService is not a constructor[39m
[31merror[39m: [31m[ERROR] - 409 - Msg: Classroom name Lop tha2y b122aas2ss2ss2ss1 already exist[39m
[31merror[39m: [31m[ERROR] - 500 - Msg: Cast to ObjectId failed for value "0" (type string) at path "_id" for model "user"[39m
[31merror[39m: [31m[ERROR] - 500 - Msg: Cast to ObjectId failed for value "0" (type string) at path "_id" for model "user"[39m
[31merror[39m: [31m[ERROR] - 409 - Msg: Mssv already exist in classroom[39m
[31merror[39m: [31m[ERROR] Msg: eyJhbGciOiJIUzI1NiIsInR5cCI6IkpXVCJ9.eyJpZCI6IjYxOTNmNDJlOWI1NzA1YjBmNGIxMDg3OSIsImlhdCI6MTYzNzA4NjI1NSwiZXhwIjoxNjM3MDg5ODU1fQ.CZlmURIlhp-wr2qT1iKSRCPWV5A-qThNs7UubvAb1H0[39m
[31merror[39m: [31m[ERROR] - 400 - Msg: Invalid refresh token[39m
[31merror[39m: [31m[ERROR] Msg: eyJhbGciOiJIUzI1NiIsInR5cCI6IkpXVCJ9.eyJpZCI6IjYxOGY1ZjBiZDcyYjYyMTc0MzNhOGVjMyIsImlhdCI6MTYzNjg2MzI3MSwiZXhwIjoxNjM2ODY2ODcxfQ.Hzu4CY4ZTOXGdFAk60ltGYI_f0PFZb8tsegLk7x0fx4[39m
[31merror[39m: [31m[ERROR] Msg: eyJhbGciOiJIUzI1NiIsInR5cCI6IkpXVCJ9.eyJpZCI6IjYxOTFhODVmZjQ2NGRjNmQ0YmEwZmI3OCIsImlhdCI6MTYzNzA4MzI2MSwiZXhwIjoxNjM3MDg2ODYxfQ.Fbi7enCdAV9Gu8Rlmuc6uEJwoboMXuToveLYkPw_RKk[39m
[31merror[39m: [31m[ERROR] Msg: eyJhbGciOiJIUzI1NiIsInR5cCI6IkpXVCJ9.eyJpZCI6IjYxOTFhODVmZjQ2NGRjNmQ0YmEwZmI3OCIsImlhdCI6MTYzNzA4MzI2MSwiZXhwIjoxNjM3MDg2ODYxfQ.Fbi7enCdAV9Gu8Rlmuc6uEJwoboMXuToveLYkPw_RKk[39m
[31merror[39m: [31m[ERROR] Msg: eyJhbGciOiJIUzI1NiIsInR5cCI6IkpXVCJ9.eyJpZCI6IjYxOTNmNDJlOWI1NzA1YjBmNGIxMDg3OSIsImlhdCI6MTYzNzA4NjI1NSwiZXhwIjoxNjM3MDg5ODU1fQ.CZlmURIlhp-wr2qT1iKSRCPWV5A-qThNs7UubvAb1H0[39m
[31merror[39m: [31m[ERROR] Msg: eyJhbGciOiJIUzI1NiIsInR5cCI6IkpXVCJ9.eyJpZCI6IjYxOTRhNjcwY2IyNmRkNzFjNDg1NzU5ZiIsImlhdCI6MTYzNzEzMTg4OCwiZXhwIjoxNjM3MTM1NDg4fQ.AunlGAK2Q_SEI8-7EyhDF066My_WKSz7xLkJLe67vog[39m
<<<<<<< HEAD
[31merror[39m: [31m[ERROR] - 400 - Msg: Unexpected token } in JSON at position 102[39m
[31merror[39m: [31m[ERROR] - 500 - Msg: Cannot read property 'length' of undefined[39m
[31merror[39m: [31m[ERROR] - 500 - Msg: Cannot read property 'length' of undefined[39m
[31merror[39m: [31m[ERROR] - 500 - Msg: Cannot read property 'length' of undefined[39m
[31merror[39m: [31m[ERROR] - 500 - Msg: Cannot read property 'length' of undefined[39m
[31merror[39m: [31m[ERROR] - 500 - Msg: Cannot read property 'length' of undefined[39m
[31merror[39m: [31m[ERROR] - 500 - Msg: Cannot read property 'length' of undefined[39m
[31merror[39m: [31m[ERROR] - 500 - Msg: Cannot read property 'length' of undefined[39m
[31merror[39m: [31m[ERROR] - 500 - Msg: Cannot read property 'length' of undefined[39m
[31merror[39m: [31m[ERROR] - 500 - Msg: Cannot read property 'length' of undefined[39m
[31merror[39m: [31m[ERROR] - 500 - Msg: Cannot read property 'length' of undefined[39m
[31merror[39m: [31m[ERROR] - 500 - Msg: Cannot read property 'length' of undefined[39m
[31merror[39m: [31m[ERROR] Msg: Bearer eyJhbGciOiJIUzI1NiIsInR5cCI6IkpXVCJ9.eyJpZCI6IjYxOTViMWUwMDA5N2IxOWI3NGFkNGI0NiIsImlhdCI6MTYzNzU4ODAzNCwiZXhwIjoxNjM3NTkxNjM0fQ.qVHGXVXc_hLDi96v5yhfuU1g6fshfojB9PQAP2xKTCY[39m
[31merror[39m: [31m[ERROR] Msg: Bearer eyJhbGciOiJIUzI1NiIsInR5cCI6IkpXVCJ9.eyJpZCI6IjYxOTViMWUwMDA5N2IxOWI3NGFkNGI0NiIsImlhdCI6MTYzNzU4OTM2NywiZXhwIjoxNjM3NTkyOTY3fQ.sW0hiKgZ5ZKWb2UOvRbAh3Aw1qnqqWQNEPQ5cZmVrIQ[39m
[31merror[39m: [31m[ERROR] Msg: Bearer eyJhbGciOiJIUzI1NiIsInR5cCI6IkpXVCJ9.eyJpZCI6IjYxOTViMWUwMDA5N2IxOWI3NGFkNGI0NiIsImlhdCI6MTYzNzU4OTM2NywiZXhwIjoxNjM3NTkyOTY3fQ.sW0hiKgZ5ZKWb2UOvRbAh3Aw1qnqqWQNEPQ5cZmVrIQ[39m
[31merror[39m: [31m[ERROR] Msg: eyJhbGciOiJIUzI1NiIsInR5cCI6IkpXVCJ9.eyJpZCI6IjYxOTViMWUwMDA5N2IxOWI3NGFkNGI0NiIsImlhdCI6MTYzNzU4OTM2NywiZXhwIjoxNjM3NTkyOTY3fQ.sW0hiKgZ5ZKWb2UOvRbAh3Aw1qnqqWQNEPQ5cZm[39m
[31merror[39m: [31m[ERROR] Msg: eyJhbGciOiJIUzI1NiIsInR5cCI6IkpXVCJ9.eyJpZCI6IjYxOTViMWUwMDA5N2IxOWI3NGFkNGI0NiIsImlhdCI6MTYzNzU4OTM2NywiZXhwIjoxNjM3NTkyOTY3fQ.sW0hiKgZ5ZKWb2UOvRbAh3Aw1qnqqWQNEPQ5cZm[39m
[31merror[39m: [31m[ERROR] Msg: eyJhbGciOiJIUzI1NiIsInR5cCI6IkpXVCJ9.eyJpZCI6IjYxOTViMWUwMDA5N2IxOWI3NGFkNGI0NiIsImlhdCI6MTYzNzU4OTM2NywiZXhwIjoxNjM3NTkyOTY3fQ.sW0hiKgZ5ZKWb2UOvRbAh3Aw1qnqqWQNEPQ5cZm[39m
[31merror[39m: [31m[ERROR] - 500 - Msg: Cannot read property '0' of undefined[39m
[31merror[39m: [31m[ERROR] - 500 - Msg: Cannot read property '0' of undefined[39m
[31merror[39m: [31m[ERROR] - 500 - Msg: Cannot read property '0' of undefined[39m
[31merror[39m: [31m[ERROR] - 500 - Msg: Cannot read property '0' of undefined[39m
[31merror[39m: [31m[ERROR] - 500 - Msg: Cannot read property '0' of undefined[39m
[31merror[39m: [31m[ERROR] - 500 - Msg: Cannot read property '0' of undefined[39m
[31merror[39m: [31m[ERROR] - 500 - Msg: Cannot read property '0' of undefined[39m
[31merror[39m: [31m[ERROR] - 500 - Msg: Cannot read property '0' of undefined[39m
[31merror[39m: [31m[ERROR] - 500 - Msg: Cannot read property '0' of undefined[39m
[31merror[39m: [31m[ERROR] - 500 - Msg: Cannot read property '0' of undefined[39m
[31merror[39m: [31m[ERROR] - 500 - Msg: Cannot read property '0' of undefined[39m
[31merror[39m: [31m[ERROR] - 500 - Msg: Cannot read property '0' of undefined[39m
[31merror[39m: [31m[ERROR] - 500 - Msg: Cannot read property '0' of undefined[39m
[31merror[39m: [31m[ERROR] - 500 - Msg: Cannot read property '0' of undefined[39m
[31merror[39m: [31m[ERROR] - 500 - Msg: Cannot read property '0' of undefined[39m
[31merror[39m: [31m[ERROR] - 500 - Msg: Cannot read property '0' of undefined[39m
[31merror[39m: [31m[ERROR] - 500 - Msg: Cannot read property '0' of undefined[39m
[31merror[39m: [31m[ERROR] Msg: eyJhbGciOiJIUzI1NiIsInR5cCI6IkpXVCJ9.eyJpZCI6IjYxOTViMWUwMDA5N2IxOWI3NGFkNGI0NiIsImlhdCI6MTYzNzU4OTM2NywiZXhwIjoxNjM3NTkyOTY3fQ.sW0hiKgZ5ZKWb2UOvRbAh3Aw1qnqqWQNEPQ5cZmVrIQ[39m
[31merror[39m: [31m[ERROR] - 409 - Msg: GradeStructure name bt1 already exist[39m
[31merror[39m: [31m[ERROR] - 409 - Msg: GradeStructure name bt1 already exist[39m
[31merror[39m: [31m[ERROR] - 500 - Msg: E11000 duplicate key error collection: myFirstDatabase.gradestructures index: maxScore_1 dup key: { maxScore: 2 }[39m
[31merror[39m: [31m[ERROR] - 500 - Msg: E11000 duplicate key error collection: myFirstDatabase.gradestructures index: name_1 dup key: { name: "bt3" }[39m
[31merror[39m: [31m[ERROR] - 500 - Msg: E11000 duplicate key error collection: myFirstDatabase.gradestructures index: name_1 dup key: { name: "bt3" }[39m
[31merror[39m: [31m[ERROR] - 409 - Msg: GradeStructure name bt3 already exist ,  not permission or can not found Classroom [39m
[31merror[39m: [31m[ERROR] - 404 - Msg: User is not exists or Class is not exists[39m
[31merror[39m: [31m[ERROR] - 404 - Msg: User is not exists or Class is not exists[39m
[31merror[39m: [31m[ERROR] - 404 - Msg: User is not exists or Class is not exists[39m
[31merror[39m: [31m[ERROR] - 500 - Msg: Cast to ObjectId failed for value "15151" (type string) at path "_id" for model "classroom"[39m
[31merror[39m: [31m[ERROR] - 400 - Msg: User is student [39m
[31merror[39m: [31m[ERROR] - 500 - Msg: Cast to ObjectId failed for value "eyJhbGciOiJIUzI1NiIsInR5cCI6IkpXVCJ9.eyJpZCI6IjYxOWJjODE4YzBjOTRmYTk4NDBmNGI1NiIsImlhdCI6MTYzNzU5OTI1NiwiZXhwIjoxNjM3NjAyODU2fQ.pwOBbrfSZAhq7PBn-E-HyBx9JyCM9W8ciHiFZgIperQ" (type string) at path "_id" for model "classroom"[39m
[31merror[39m: [31m[ERROR] - 500 - Msg: Cast to ObjectId failed for value "6194defef3279b5bde7501fe1" (type string) at path "_id" for model "classroom"[39m
[31merror[39m: [31m[ERROR] - 500 - Msg: E11000 duplicate key error collection: myFirstDatabase.gradestructures index: maxScore_1 dup key: { maxScore: 2 }[39m
[31merror[39m: [31m[ERROR] - 500 - Msg: E11000 duplicate key error collection: myFirstDatabase.gradestructures index: maxScore_1 dup key: { maxScore: 2 }[39m
[31merror[39m: [31m[ERROR] - 500 - Msg: E11000 duplicate key error collection: myFirstDatabase.gradestructures index: maxScore_1 dup key: { maxScore: 2 }[39m
[31merror[39m: [31m[ERROR] - 500 - Msg: E11000 duplicate key error collection: myFirstDatabase.gradestructures index: maxScore_1 dup key: { maxScore: 4 }[39m
[31merror[39m: [31m[ERROR] - 409 - Msg: GradeStructure name bt102 already exist[39m
[31merror[39m: [31m[ERROR] - 409 - Msg: GradeStructure name bt102 already exist ,  not permission or can not found GradeStructure in Classroom [39m
[31merror[39m: [31m[ERROR] - 500 - Msg: E11000 duplicate key error collection: myFirstDatabase.gradestructures index: name_1 dup key: { name: "bt102" }[39m
[31merror[39m: [31m[ERROR] Msg: eyJhbGciOiJIUzI1NiIsInR5cCI6IkpXVCJ9.eyJpZCI6IjYxOWJjODE4YzBjOTRmYTk4NDBmNGI1NiIsImlhdCI6MTYzNzU5OTI1NiwiZXhwIjoxNjM3NjAyODU2fQ.pwOBbrfSZAhq7PBn-E-HyBx9JyCM9W8ciHiFZgIperQ[39m
[31merror[39m: [31m[ERROR] Msg: eyJhbGciOiJIUzI1NiIsInR5cCI6IkpXVCJ9.eyJpZCI6IjYxOWJjODE4YzBjOTRmYTk4NDBmNGI1NiIsImlhdCI6MTYzNzU5OTI1NiwiZXhwIjoxNjM3NjAyODU2fQ.pwOBbrfSZAhq7PBn-E-HyBx9JyCM9W8ciHiFZgIperQ[39m
[31merror[39m: [31m[ERROR] Msg: eyJhbGciOiJIUzI1NiIsInR5cCI6IkpXVCJ9.eyJpZCI6IjYxOTUwZGE0YWMyYTE0YmE0ZDIyYzhkMyIsImlhdCI6MTYzNzE1ODMwOCwiZXhwIjoxNjM3MTYxOTA4fQ.q76cs5_J0AI_GsyAljzhkUTJGHYxLDNYEvFaDH2uFSE[39m
[31merror[39m: [31m[ERROR] Msg: eyJhbGciOiJIUzI1NiIsInR5cCI6IkpXVCJ9.eyJpZCI6IjYxOWJjODE4YzBjOTRmYTk4NDBmNGI1NiIsImlhdCI6MTYzNzU5OTI1NiwiZXhwIjoxNjM3NjAyODU2fQ.pwOBbrfSZAhq7PBn-E-HyBx9JyCM9W8ciHiFZgIperQ[39m
[31merror[39m: [31m[ERROR] - 500 - Msg: Cannot convert undefined or null to object[39m
[31merror[39m: [31m[ERROR] - 500 - Msg: Cannot convert undefined or null to object[39m
=======
>>>>>>> f833f72debe2a82854401d80813a6ae5ce92be29
[31merror[39m: [31m[ERROR] Msg: eyJhbGciOiJIUzI1NiIsInR5cCI6IkpXVCJ9.eyJpZCI6IjYxOWRmNzZkOTcxMGRkZjRmYzhkNjRjZSIsImlhdCI6MTYzNzc0MjQ0NiwiZXhwIjoxNjM3NzQ2MDQ2fQ.wUcDRFsEGfxPW-2P-Xb7lcP6wYVb57rjwxIfz0XLX9Q[39m
[31merror[39m: [31m[ERROR] - 409 - Msg: Your account_name let12i2222e2122ss21s22s2s2s22a2w222111ss11s1ss22snd1at is not exist[39m
[31merror[39m: [31m[ERROR] - 409 - Msg: Your account_name let12i2222e2122ss21s22s2s2s22a2w222111ss11s1ss22snd1at is not exist[39m
[31merror[39m: [31m[ERROR] Msg: eyJhbGciOiJIUzI1NiIsInR5cCI6IkpXVCJ9.eyJpZCI6IjYxOTRhNjcwY2IyNmRkNzFjNDg1NzU5ZiIsImlhdCI6MTYzNzEzMTg4OCwiZXhwIjoxNjM3MTM1NDg4fQ.AunlGAK2Q_SEI8-7EyhDF066My_WKSz7xLkJLe67vog[39m
[31merror[39m: [31m[ERROR] - 409 - Msg: GradeStructure name cuoi ki already exist[39m
[31merror[39m: [31m[ERROR] - 409 - Msg: GradeStructure name giua ki already exist[39m
[31merror[39m: [31m[ERROR] - 409 - Msg: GradeStructure name giua ki already exist[39m
[31merror[39m: [31m[ERROR] - 409 - Msg: Classroom name cong nghe thong tin already exist[39m
[31merror[39m: [31m[ERROR] - 500 - Msg: E11000 duplicate key error collection: myFirstDatabase.gradestructures index: name_1 dup key: { name: "giua ki" }[39m
[31merror[39m: [31m[ERROR] - 500 - Msg: E11000 duplicate key error collection: myFirstDatabase.gradestructures index: name_1 dup key: { name: "giua ki" }[39m
[31merror[39m: [31m[ERROR] - 500 - Msg: E11000 duplicate key error collection: myFirstDatabase.gradestructures index: name_1 dup key: { name: "giua ki" }[39m
[31merror[39m: [31m[ERROR] - 409 - Msg: GradeStructure name giua ki already exist[39m
[31merror[39m: [31m[ERROR] - 500 - Msg: Cannot convert undefined or null to object[39m
[31merror[39m: [31m[ERROR] - 500 - Msg: Cannot convert undefined or null to object[39m
[31merror[39m: [31m[ERROR] - 500 - Msg: Cast to ObjectId failed for value "123" (type string) at path "_id" for model "gradeStructure"[39m
[31merror[39m: [31m[ERROR] - 500 - Msg: Cast to ObjectId failed for value "123" (type string) at path "_id" for model "gradeStructure"[39m
[31merror[39m: [31m[ERROR] Msg: eyJhbGciOiJIUzI1NiIsInR5cCI6IkpXVCJ9.eyJpZCI6IjYxYTIyOWZiZDRkYzQ2MDk3MmFkN2QwYiIsImlhdCI6MTYzODAxNzU0NCwiZXhwIjoxNjM4MDIxMTQ0fQ.49dgDa1HEkaz833YbhfVkGl7vF79HdG8cNdgEFDNOqE[39m
[31merror[39m: [31m[ERROR] Msg: eyJhbGciOiJIUzI1NiIsInR5cCI6IkpXVCJ9.eyJpZCI6IjYxYTIyOWZiZDRkYzQ2MDk3MmFkN2QwYiIsImlhdCI6MTYzODAxNzU0NCwiZXhwIjoxNjM4MDIxMTQ0fQ.49dgDa1HEkaz833YbhfVkGl7vF79HdG8cNdgEFDNOqE[39m
[31merror[39m: [31m[ERROR] - 409 - Msg: Grades of student already exist[39m
[31merror[39m: [31m[ERROR] Msg: eyJhbGciOiJIUzI1NiIsInR5cCI6IkpXVCJ9.eyJpZCI6IjYxYTIyYTYwZDRkYzQ2MDk3MmFkN2QxOCIsImlhdCI6MTYzODAxNzYzMiwiZXhwIjoxNjM4MDIxMjMyfQ.sCB2SnwvlpqxSkD7_94jyk3lurhrtaqgABGgUXPD4e0[39m
[31merror[39m: [31m[ERROR] - 500 - Msg: E11000 duplicate key error collection: myFirstDatabase.grades index: name_1 dup key: { name: "giua ki" }[39m
[31merror[39m: [31m[ERROR] - 500 - Msg: E11000 duplicate key error collection: myFirstDatabase.grades index: name_1 dup key: { name: "giua ki" }[39m
[31merror[39m: [31m[ERROR] - 409 - Msg: Grades of student already exist[39m
[31merror[39m: [31m[ERROR] Msg: eyJhbGciOiJIUzI1NiIsInR5cCI6IkpXVCJ9.eyJpZCI6IjYxYTIyYTYwZDRkYzQ2MDk3MmFkN2QxOCIsImlhdCI6MTYzODAxNzYzMiwiZXhwIjoxNjM4MDIxMjMyfQ.sCB2SnwvlpqxSkD7_94jyk3lurhrtaqgABGgUXPD4e0[39m
[31merror[39m: [31m[ERROR] - 409 - Msg: Your account_name datle already exist[39m
[31merror[39m: [31m[ERROR] - 500 - Msg: E11000 duplicate key error collection: myFirstDatabase.grades index: name_1 dup key: { name: "giua ki" }[39m
[31merror[39m: [31m[ERROR] - 500 - Msg: E11000 duplicate key error collection: myFirstDatabase.grades index: name_1 dup key: { name: "giua ki" }[39m
[31merror[39m: [31m[ERROR] - 409 - Msg: Grades of student already exist[39m
[31merror[39m: [31m[ERROR] - 500 - Msg: E11000 duplicate key error collection: myFirstDatabase.grades index: name_1 dup key: { name: "giua ki" }[39m
[31merror[39m: [31m[ERROR] - 500 - Msg: E11000 duplicate key error collection: myFirstDatabase.grades index: name_1 dup key: { name: "giua ki" }[39m
[31merror[39m: [31m[ERROR] - 500 - Msg: E11000 duplicate key error collection: myFirstDatabase.grades index: name_1 dup key: { name: "giua ki" }[39m
[31merror[39m: [31m[ERROR] - 404 - Msg: duplicate data input[39m
[31merror[39m: [31m[ERROR] Msg: eyJhbGciOiJIUzI1NiIsInR5cCI6IkpXVCJ9.eyJpZCI6IjYxYTIyOWZiZDRkYzQ2MDk3MmFkN2QwYiIsImlhdCI6MTYzODAxNzU0NCwiZXhwIjoxNjM4MDIxMTQ0fQ.49dgDa1HEkaz833YbhfVkGl7vF79HdG8cNdgEFDNOqE[39m
[31merror[39m: [31m[ERROR] - 500 - Msg: ENOENT: no such file or directory, open 'C:\Users\letye\Desktop\class-assignment\server_offical\src\core\resources\static\assets\uploads\1638080042868-bezkoder-listStudents.xlsx'[39m
[31merror[39m: [31m[ERROR] - 500 - Msg: ENOENT: no such file or directory, open 'C:\Users\letye\Desktop\class-assignment\server_offical\src\core\resources\static\assets\uploads\1638080099636-bezkoder-listStudents.xlsx'[39m
[31merror[39m: [31m[ERROR] - 500 - Msg: Cannot read property 'id' of undefined[39m
[31merror[39m: [31m[ERROR] - 500 - Msg: ENOENT: no such file or directory, open 'C:\Users\letye\Desktop\class-assignment\server_offical\src\core\resources\static\assets\uploads\1638080163263-bezkoder-listStudents.xlsx'[39m
[31merror[39m: [31m[ERROR] - 500 - Msg: ENOENT: no such file or directory, open 'C:\Users\letye\Desktop\class-assignment\server_offical\src\core\resources\static\assets\uploads\1638080171384-bezkoder-listStudents.xlsx'[39m
[31merror[39m: [31m[ERROR] - 500 - Msg: ENOENT: no such file or directory, open 'C:\Users\letye\Desktop\class-assignment\server_offical\src\core\resources\static\assets\uploads\1638080237691-bezkoder-listStudents.xlsx'[39m
[31merror[39m: [31m[ERROR] - 500 - Msg: Cannot read property 'id' of undefined[39m
[31merror[39m: [31m[ERROR] - 500 - Msg: Cannot read property 'id' of undefined[39m
[31merror[39m: [31m[ERROR] - 500 - Msg: Cannot read property 'id' of undefined[39m
[31merror[39m: [31m[ERROR] - 500 - Msg: Cannot read property 'id' of undefined[39m
[31merror[39m: [31m[ERROR] - 500 - Msg: Cannot read property 'id' of undefined[39m
[31merror[39m: [31m[ERROR] - 500 - Msg: ENOENT: no such file or directory, open 'C:\Users\letye\Desktop\class-assignment\server_offical\src\core\middleware\upload.middleware.ts\1638081442045-bezkoder-listStudents.xlsx'[39m
[31merror[39m: [31m[ERROR] Msg: eyJhbGciOiJIUzI1NiIsInR5cCI6IkpXVCJ9.eyJpZCI6IjYxYTMxZGFiODBjZDlhYjdhOGEyNmM1OSIsImlhdCI6MTYzODA3OTkxNSwiZXhwIjoxNjM4MDgzNTE1fQ.B-YCjR-uXigO3yvhkaL_4mdX5QeK3tcUIsgk8KOAKXI[39m
